22:51:17.421 [background-preinit] INFO  o.h.v.i.util.Version - [<clinit>,21] - HV000001: Hibernate Validator 6.2.3.Final
22:51:17.421 [restartedMain] INFO  c.r.RuoYiApplication - [logStarting,55] - Starting RuoYiApplication using Java 17.0.15 on 汤包 with PID 20220 (C:\Users\徐可心\Desktop\S1211-设计\项目源码\book-service\ruoyi-admin\target\classes started by 徐可心 in C:\Users\徐可心\Desktop\S1211-设计\项目源码\book-service)
22:51:17.431 [restartedMain] INFO  c.r.RuoYiApplication - [logStartupProfileInfo,686] - The following 1 profile is active: "dev"
22:51:21.875 [restartedMain] INFO  o.a.c.c.AprLifecycleListener - [log,173] - Loaded Apache Tomcat Native library [1.2.36] using APR version [1.7.2].
22:51:21.875 [restartedMain] INFO  o.a.c.c.AprLifecycleListener - [log,173] - APR capabilities: IPv6 [true], sendfile [true], accept filters [false], random [true], UDS [true].
22:51:21.875 [restartedMain] INFO  o.a.c.c.AprLifecycleListener - [log,173] - APR/OpenSSL configuration: useAprConnector [false], useOpenSSL [true]
22:51:21.878 [restartedMain] INFO  o.a.c.c.AprLifecycleListener - [log,173] - OpenSSL successfully initialized [OpenSSL 1.1.1t  7 Feb 2023]
22:51:21.888 [restartedMain] INFO  o.a.c.h.Http11NioProtocol - [log,173] - Initializing ProtocolHandler ["http-nio-8080"]
22:51:21.889 [restartedMain] INFO  o.a.c.c.StandardService - [log,173] - Starting service [Tomcat]
22:51:21.889 [restartedMain] INFO  o.a.c.c.StandardEngine - [log,173] - Starting Servlet engine: [Apache Tomcat/9.0.63]
22:51:21.964 [restartedMain] INFO  o.a.c.c.C.[.[.[/ruoyi-vue-service] - [log,173] - Initializing Spring embedded WebApplicationContext
22:51:24.300 [restartedMain] INFO  c.a.d.p.DruidDataSource - [init,972] - {dataSource-1} inited
22:51:28.423 [restartedMain] INFO  o.a.c.h.Http11NioProtocol - [log,173] - Starting ProtocolHandler ["http-nio-8080"]
22:51:28.863 [restartedMain] INFO  c.r.RuoYiApplication - [logStarted,61] - Started RuoYiApplication in 12.506 seconds (JVM running for 14.63)
22:52:01.754 [http-nio-8080-exec-1] INFO  o.a.c.c.C.[.[.[/ruoyi-vue-service] - [log,173] - Initializing Spring DispatcherServlet 'dispatcherServlet'
22:52:01.755 [http-nio-8080-exec-1] INFO  o.s.w.s.DispatcherServlet - [initServletBean,525] - Initializing Servlet 'dispatcherServlet'
22:52:01.757 [http-nio-8080-exec-1] INFO  o.s.w.s.DispatcherServlet - [initServletBean,547] - Completed initialization in 2 ms
22:52:16.774 [http-nio-8080-exec-29] INFO  c.r.f.w.s.UserDetailsServiceImpl - [loadUserByUsername,39] - 登录用户：java123 不存在.
22:52:16.806 [schedule-pool-1] INFO  sys-user - [run,52] - [127.0.0.1]内网IP[java123][Error][登录用户：java123 不存在]
22:52:26.665 [schedule-pool-1] INFO  sys-user - [run,52] - [127.0.0.1]内网IP[java1234][Success][登录成功]
23:00:17.806 [SpringApplicationShutdownHook] INFO  sys-user - [shutdownAsyncManager,28] - ====关闭后台任务任务线程池====
23:00:17.808 [SpringApplicationShutdownHook] INFO  c.a.d.p.DruidDataSource - [close,2051] - {dataSource-1} closing ...
23:00:17.813 [SpringApplicationShutdownHook] INFO  c.a.d.p.DruidDataSource - [close,2124] - {dataSource-1} closed
